<?xml version="1.0" encoding="UTF-8"?>
<testng-results ignored="0" total="1" passed="1" failed="0" skipped="0">
  <reporter-output>
  </reporter-output>
  <suite started-at="2024-08-24T13:04:23 IST" name="Suite" finished-at="2024-08-24T13:04:32 IST" duration-ms="9108">
    <groups>
    </groups>
    <test started-at="2024-08-24T13:04:23 IST" name="Test" finished-at="2024-08-24T13:04:32 IST" duration-ms="9108">
      <class name="extent.TestClass">
        <test-method signature="method1()[pri:0, instance:extent.TestClass@12f9af83]" started-at="2024-08-24T13:04:23 IST" name="method1" finished-at="2024-08-24T13:04:32 IST" duration-ms="8984" status="PASS">
          <reporter-output>
          </reporter-output>
        </test-method> <!-- method1 -->
      </class> <!-- extent.TestClass -->
    </test> <!-- Test -->
  </suite> <!-- Suite -->
</testng-results>
